0 info it worked if it ends with ok
1 verbose cli [ '/Users/albertoeyocastro-rial/.nvm/versions/node/v7.3.0/bin/node',
1 verbose cli   '/Users/albertoeyocastro-rial/.nvm/versions/node/v7.3.0/bin/npm',
1 verbose cli   'i',
1 verbose cli   '--save-dev',
1 verbose cli   'mathjs' ]
2 info using npm@3.10.10
3 info using node@v7.3.0
4 silly loadCurrentTree Starting
5 silly install loadCurrentTree
6 silly install readLocalPackageData
7 silly fetchPackageMetaData mathjs
8 silly fetchNamedPackageData mathjs
9 silly mapToRegistry name mathjs
10 silly mapToRegistry using default registry
11 silly mapToRegistry registry https://globaldevtools.bbva.com/artifactory/api/npm/npm-repo
12 silly mapToRegistry data Result {
12 silly mapToRegistry   raw: 'mathjs',
12 silly mapToRegistry   scope: null,
12 silly mapToRegistry   escapedName: 'mathjs',
12 silly mapToRegistry   name: 'mathjs',
12 silly mapToRegistry   rawSpec: '',
12 silly mapToRegistry   spec: 'latest',
12 silly mapToRegistry   type: 'tag' }
13 silly mapToRegistry uri https://globaldevtools.bbva.com/artifactory/api/npm/npm-repo/mathjs
14 verbose request uri https://globaldevtools.bbva.com/artifactory/api/npm/npm-repo/mathjs
15 verbose request always-auth set; sending authorization
16 info attempt registry request try #1 at 5:19:49 PM
17 verbose request id 741cd7c8f0384f23
18 http request GET https://globaldevtools.bbva.com/artifactory/api/npm/npm-repo/mathjs
19 http 200 https://globaldevtools.bbva.com/artifactory/api/npm/npm-repo/mathjs
20 verbose headers { 'content-type': 'application/json',
20 verbose headers   date: 'Mon, 12 Feb 2018 16:19:50 GMT',
20 verbose headers   etag: '5d9afb60c22d1d6aff2ad034eeec221dffe13d74',
20 verbose headers   server: 'nginx',
20 verbose headers   'strict-transport-security': 'max-age=15768000',
20 verbose headers   'x-artifactory-id': 'b323abf51a56c8f878a52dd27c7cf97310d57b52',
20 verbose headers   'x-artifactory-node-id': 'pro-globaldevops-artifactory-1}',
20 verbose headers   'transfer-encoding': 'chunked',
20 verbose headers   connection: 'keep-alive' }
21 silly get cb [ 200,
21 silly get   { 'content-type': 'application/json',
21 silly get     date: 'Mon, 12 Feb 2018 16:19:50 GMT',
21 silly get     etag: '5d9afb60c22d1d6aff2ad034eeec221dffe13d74',
21 silly get     server: 'nginx',
21 silly get     'strict-transport-security': 'max-age=15768000',
21 silly get     'x-artifactory-id': 'b323abf51a56c8f878a52dd27c7cf97310d57b52',
21 silly get     'x-artifactory-node-id': 'pro-globaldevops-artifactory-1}',
21 silly get     'transfer-encoding': 'chunked',
21 silly get     connection: 'keep-alive' } ]
22 verbose get saving mathjs to /Users/albertoeyocastro-rial/.npm/globaldevtools.bbva.com/artifactory/api/npm/npm-repo/mathjs/.cache.json
23 verbose correctMkdir /Users/albertoeyocastro-rial/.npm correctMkdir not in flight; initializing
24 silly install normalizeTree
25 silly loadCurrentTree Finishing
26 silly loadIdealTree Starting
27 silly install loadIdealTree
28 silly cloneCurrentTree Starting
29 silly install cloneCurrentTreeToIdealTree
30 silly cloneCurrentTree Finishing
31 silly loadShrinkwrap Starting
32 silly install loadShrinkwrap
33 silly loadShrinkwrap Finishing
34 silly loadAllDepsIntoIdealTree Starting
35 silly install loadAllDepsIntoIdealTree
36 silly resolveWithNewModule mathjs@3.20.2 checking installable status
37 silly cache add args [ 'mathjs', null ]
38 verbose cache add spec mathjs
39 silly cache add parsed spec Result {
39 silly cache add   raw: 'mathjs',
39 silly cache add   scope: null,
39 silly cache add   escapedName: 'mathjs',
39 silly cache add   name: 'mathjs',
39 silly cache add   rawSpec: '',
39 silly cache add   spec: 'latest',
39 silly cache add   type: 'tag' }
40 silly addNamed mathjs@latest
41 verbose addNamed "latest" is being treated as a dist-tag for mathjs
42 info addNameTag [ 'mathjs', 'latest' ]
43 silly mapToRegistry name mathjs
44 silly mapToRegistry using default registry
45 silly mapToRegistry registry https://globaldevtools.bbva.com/artifactory/api/npm/npm-repo
46 silly mapToRegistry data Result {
46 silly mapToRegistry   raw: 'mathjs',
46 silly mapToRegistry   scope: null,
46 silly mapToRegistry   escapedName: 'mathjs',
46 silly mapToRegistry   name: 'mathjs',
46 silly mapToRegistry   rawSpec: '',
46 silly mapToRegistry   spec: 'latest',
46 silly mapToRegistry   type: 'tag' }
47 silly mapToRegistry uri https://globaldevtools.bbva.com/artifactory/api/npm/npm-repo/mathjs
48 verbose addNameTag registry:https://globaldevtools.bbva.com/artifactory/api/npm/npm-repo/mathjs not in flight; fetching
49 verbose get https://globaldevtools.bbva.com/artifactory/api/npm/npm-repo/mathjs not expired, no request
50 silly addNameTag next cb for mathjs with tag latest
51 silly addNamed mathjs@3.20.2
52 verbose addNamed "3.20.2" is a plain semver version for mathjs
53 silly mapToRegistry name mathjs
54 silly mapToRegistry using default registry
55 silly mapToRegistry registry https://globaldevtools.bbva.com/artifactory/api/npm/npm-repo
56 silly mapToRegistry data Result {
56 silly mapToRegistry   raw: 'mathjs',
56 silly mapToRegistry   scope: null,
56 silly mapToRegistry   escapedName: 'mathjs',
56 silly mapToRegistry   name: 'mathjs',
56 silly mapToRegistry   rawSpec: '',
56 silly mapToRegistry   spec: 'latest',
56 silly mapToRegistry   type: 'tag' }
57 silly mapToRegistry uri https://globaldevtools.bbva.com/artifactory/api/npm/npm-repo/mathjs
58 verbose addRemoteTarball https://globaldevtools.bbva.com:443/artifactory/api/npm/npm-repo/mathjs/-/mathjs-3.20.2.tgz not in flight; adding
59 verbose addRemoteTarball [ 'https://globaldevtools.bbva.com:443/artifactory/api/npm/npm-repo/mathjs/-/mathjs-3.20.2.tgz',
59 verbose addRemoteTarball   '3218aebde7de8cb5627c8fe3a1a216bf399ba91d' ]
60 info retry fetch attempt 1 at 5:19:52 PM
61 info attempt registry request try #1 at 5:19:52 PM
62 http fetch GET https://globaldevtools.bbva.com:443/artifactory/api/npm/npm-repo/mathjs/-/mathjs-3.20.2.tgz
63 http fetch 404 https://globaldevtools.bbva.com:443/artifactory/api/npm/npm-repo/mathjs/-/mathjs-3.20.2.tgz
64 error fetch failed https://globaldevtools.bbva.com:443/artifactory/api/npm/npm-repo/mathjs/-/mathjs-3.20.2.tgz
65 warn retry will retry, error on last attempt: Error: fetch failed with status code 404
66 info retry fetch attempt 2 at 5:20:18 PM
67 info attempt registry request try #1 at 5:20:18 PM
68 http fetch GET https://globaldevtools.bbva.com:443/artifactory/api/npm/npm-repo/mathjs/-/mathjs-3.20.2.tgz
69 http fetch 200 https://globaldevtools.bbva.com:443/artifactory/api/npm/npm-repo/mathjs/-/mathjs-3.20.2.tgz
70 silly fetchAndShaCheck shasum 3218aebde7de8cb5627c8fe3a1a216bf399ba91d
71 verbose addTmpTarball /var/folders/gb/0d_6jwxj0bv2q_yq96bnh1fc0000gp/T/npm-16934-b1ca5268/globaldevtools.bbva.com_443/artifactory/api/npm/npm-repo/mathjs/-/mathjs-3.20.2.tgz not in flight; adding
72 verbose addTmpTarball already have metadata; skipping unpack for mathjs@3.20.2
73 verbose correctMkdir /Users/albertoeyocastro-rial/.npm correctMkdir not in flight; initializing
74 silly cache afterAdd mathjs@3.20.2
75 verbose afterAdd /Users/albertoeyocastro-rial/.npm/mathjs/3.20.2/package/package.json not in flight; writing
76 verbose correctMkdir /Users/albertoeyocastro-rial/.npm correctMkdir not in flight; initializing
77 verbose afterAdd /Users/albertoeyocastro-rial/.npm/mathjs/3.20.2/package/package.json written
78 silly fetchNamedPackageData complex.js
79 silly mapToRegistry name complex.js
80 silly mapToRegistry using default registry
81 silly mapToRegistry registry https://globaldevtools.bbva.com/artifactory/api/npm/npm-repo
82 silly mapToRegistry data Result {
82 silly mapToRegistry   raw: 'complex.js',
82 silly mapToRegistry   scope: null,
82 silly mapToRegistry   escapedName: 'complex.js',
82 silly mapToRegistry   name: 'complex.js',
82 silly mapToRegistry   rawSpec: '',
82 silly mapToRegistry   spec: 'latest',
82 silly mapToRegistry   type: 'tag' }
83 silly mapToRegistry uri https://globaldevtools.bbva.com/artifactory/api/npm/npm-repo/complex.js
84 silly fetchNamedPackageData decimal.js
85 silly mapToRegistry name decimal.js
86 silly mapToRegistry using default registry
87 silly mapToRegistry registry https://globaldevtools.bbva.com/artifactory/api/npm/npm-repo
88 silly mapToRegistry data Result {
88 silly mapToRegistry   raw: 'decimal.js',
88 silly mapToRegistry   scope: null,
88 silly mapToRegistry   escapedName: 'decimal.js',
88 silly mapToRegistry   name: 'decimal.js',
88 silly mapToRegistry   rawSpec: '',
88 silly mapToRegistry   spec: 'latest',
88 silly mapToRegistry   type: 'tag' }
89 silly mapToRegistry uri https://globaldevtools.bbva.com/artifactory/api/npm/npm-repo/decimal.js
90 silly fetchNamedPackageData escape-latex
91 silly mapToRegistry name escape-latex
92 silly mapToRegistry using default registry
93 silly mapToRegistry registry https://globaldevtools.bbva.com/artifactory/api/npm/npm-repo
94 silly mapToRegistry data Result {
94 silly mapToRegistry   raw: 'escape-latex',
94 silly mapToRegistry   scope: null,
94 silly mapToRegistry   escapedName: 'escape-latex',
94 silly mapToRegistry   name: 'escape-latex',
94 silly mapToRegistry   rawSpec: '',
94 silly mapToRegistry   spec: 'latest',
94 silly mapToRegistry   type: 'tag' }
95 silly mapToRegistry uri https://globaldevtools.bbva.com/artifactory/api/npm/npm-repo/escape-latex
96 silly fetchNamedPackageData fraction.js
97 silly mapToRegistry name fraction.js
98 silly mapToRegistry using default registry
99 silly mapToRegistry registry https://globaldevtools.bbva.com/artifactory/api/npm/npm-repo
100 silly mapToRegistry data Result {
100 silly mapToRegistry   raw: 'fraction.js',
100 silly mapToRegistry   scope: null,
100 silly mapToRegistry   escapedName: 'fraction.js',
100 silly mapToRegistry   name: 'fraction.js',
100 silly mapToRegistry   rawSpec: '',
100 silly mapToRegistry   spec: 'latest',
100 silly mapToRegistry   type: 'tag' }
101 silly mapToRegistry uri https://globaldevtools.bbva.com/artifactory/api/npm/npm-repo/fraction.js
102 silly fetchNamedPackageData javascript-natural-sort
103 silly mapToRegistry name javascript-natural-sort
104 silly mapToRegistry using default registry
105 silly mapToRegistry registry https://globaldevtools.bbva.com/artifactory/api/npm/npm-repo
106 silly mapToRegistry data Result {
106 silly mapToRegistry   raw: 'javascript-natural-sort',
106 silly mapToRegistry   scope: null,
106 silly mapToRegistry   escapedName: 'javascript-natural-sort',
106 silly mapToRegistry   name: 'javascript-natural-sort',
106 silly mapToRegistry   rawSpec: '',
106 silly mapToRegistry   spec: 'latest',
106 silly mapToRegistry   type: 'tag' }
107 silly mapToRegistry uri https://globaldevtools.bbva.com/artifactory/api/npm/npm-repo/javascript-natural-sort
108 silly fetchNamedPackageData seed-random
109 silly mapToRegistry name seed-random
110 silly mapToRegistry using default registry
111 silly mapToRegistry registry https://globaldevtools.bbva.com/artifactory/api/npm/npm-repo
112 silly mapToRegistry data Result {
112 silly mapToRegistry   raw: 'seed-random',
112 silly mapToRegistry   scope: null,
112 silly mapToRegistry   escapedName: 'seed-random',
112 silly mapToRegistry   name: 'seed-random',
112 silly mapToRegistry   rawSpec: '',
112 silly mapToRegistry   spec: 'latest',
112 silly mapToRegistry   type: 'tag' }
113 silly mapToRegistry uri https://globaldevtools.bbva.com/artifactory/api/npm/npm-repo/seed-random
114 silly fetchNamedPackageData tiny-emitter
115 silly mapToRegistry name tiny-emitter
116 silly mapToRegistry using default registry
117 silly mapToRegistry registry https://globaldevtools.bbva.com/artifactory/api/npm/npm-repo
118 silly mapToRegistry data Result {
118 silly mapToRegistry   raw: 'tiny-emitter',
118 silly mapToRegistry   scope: null,
118 silly mapToRegistry   escapedName: 'tiny-emitter',
118 silly mapToRegistry   name: 'tiny-emitter',
118 silly mapToRegistry   rawSpec: '',
118 silly mapToRegistry   spec: 'latest',
118 silly mapToRegistry   type: 'tag' }
119 silly mapToRegistry uri https://globaldevtools.bbva.com/artifactory/api/npm/npm-repo/tiny-emitter
120 silly fetchNamedPackageData typed-function
121 silly mapToRegistry name typed-function
122 silly mapToRegistry using default registry
123 silly mapToRegistry registry https://globaldevtools.bbva.com/artifactory/api/npm/npm-repo
124 silly mapToRegistry data Result {
124 silly mapToRegistry   raw: 'typed-function',
124 silly mapToRegistry   scope: null,
124 silly mapToRegistry   escapedName: 'typed-function',
124 silly mapToRegistry   name: 'typed-function',
124 silly mapToRegistry   rawSpec: '',
124 silly mapToRegistry   spec: 'latest',
124 silly mapToRegistry   type: 'tag' }
125 silly mapToRegistry uri https://globaldevtools.bbva.com/artifactory/api/npm/npm-repo/typed-function
126 verbose request uri https://globaldevtools.bbva.com/artifactory/api/npm/npm-repo/complex.js
127 verbose request always-auth set; sending authorization
128 info attempt registry request try #1 at 5:20:21 PM
129 http request GET https://globaldevtools.bbva.com/artifactory/api/npm/npm-repo/complex.js
130 verbose request uri https://globaldevtools.bbva.com/artifactory/api/npm/npm-repo/decimal.js
131 verbose request always-auth set; sending authorization
132 info attempt registry request try #1 at 5:20:21 PM
133 http request GET https://globaldevtools.bbva.com/artifactory/api/npm/npm-repo/decimal.js
134 verbose request uri https://globaldevtools.bbva.com/artifactory/api/npm/npm-repo/escape-latex
135 verbose request always-auth set; sending authorization
136 info attempt registry request try #1 at 5:20:21 PM
137 http request GET https://globaldevtools.bbva.com/artifactory/api/npm/npm-repo/escape-latex
138 verbose request uri https://globaldevtools.bbva.com/artifactory/api/npm/npm-repo/fraction.js
139 verbose request always-auth set; sending authorization
140 info attempt registry request try #1 at 5:20:21 PM
141 http request GET https://globaldevtools.bbva.com/artifactory/api/npm/npm-repo/fraction.js
142 verbose request uri https://globaldevtools.bbva.com/artifactory/api/npm/npm-repo/javascript-natural-sort
143 verbose request always-auth set; sending authorization
144 info attempt registry request try #1 at 5:20:21 PM
145 http request GET https://globaldevtools.bbva.com/artifactory/api/npm/npm-repo/javascript-natural-sort
146 verbose request uri https://globaldevtools.bbva.com/artifactory/api/npm/npm-repo/seed-random
147 verbose request always-auth set; sending authorization
148 info attempt registry request try #1 at 5:20:21 PM
149 http request GET https://globaldevtools.bbva.com/artifactory/api/npm/npm-repo/seed-random
150 verbose request uri https://globaldevtools.bbva.com/artifactory/api/npm/npm-repo/tiny-emitter
151 verbose request always-auth set; sending authorization
152 info attempt registry request try #1 at 5:20:21 PM
153 http request GET https://globaldevtools.bbva.com/artifactory/api/npm/npm-repo/tiny-emitter
154 verbose request uri https://globaldevtools.bbva.com/artifactory/api/npm/npm-repo/typed-function
155 verbose request always-auth set; sending authorization
156 info attempt registry request try #1 at 5:20:21 PM
157 http request GET https://globaldevtools.bbva.com/artifactory/api/npm/npm-repo/typed-function
158 http 200 https://globaldevtools.bbva.com/artifactory/api/npm/npm-repo/tiny-emitter
159 verbose headers { 'content-type': 'application/json',
159 verbose headers   date: 'Mon, 12 Feb 2018 16:20:22 GMT',
159 verbose headers   etag: '4daf1715ac307ea806460ed86d1e1634822d7b91',
159 verbose headers   server: 'nginx',
159 verbose headers   'strict-transport-security': 'max-age=15768000',
159 verbose headers   'x-artifactory-id': 'b323abf51a56c8f878a52dd27c7cf97310d57b52',
159 verbose headers   'x-artifactory-node-id': 'pro-globaldevops-artifactory-2}',
159 verbose headers   'transfer-encoding': 'chunked',
159 verbose headers   connection: 'keep-alive' }
160 silly get cb [ 200,
160 silly get   { 'content-type': 'application/json',
160 silly get     date: 'Mon, 12 Feb 2018 16:20:22 GMT',
160 silly get     etag: '4daf1715ac307ea806460ed86d1e1634822d7b91',
160 silly get     server: 'nginx',
160 silly get     'strict-transport-security': 'max-age=15768000',
160 silly get     'x-artifactory-id': 'b323abf51a56c8f878a52dd27c7cf97310d57b52',
160 silly get     'x-artifactory-node-id': 'pro-globaldevops-artifactory-2}',
160 silly get     'transfer-encoding': 'chunked',
160 silly get     connection: 'keep-alive' } ]
161 verbose get saving tiny-emitter to /Users/albertoeyocastro-rial/.npm/globaldevtools.bbva.com/artifactory/api/npm/npm-repo/tiny-emitter/.cache.json
162 verbose correctMkdir /Users/albertoeyocastro-rial/.npm correctMkdir not in flight; initializing
163 silly resolveWithNewModule tiny-emitter@2.0.2 checking installable status
164 silly cache add args [ 'tiny-emitter@2.0.2', null ]
165 verbose cache add spec tiny-emitter@2.0.2
166 silly cache add parsed spec Result {
166 silly cache add   raw: 'tiny-emitter@2.0.2',
166 silly cache add   scope: null,
166 silly cache add   escapedName: 'tiny-emitter',
166 silly cache add   name: 'tiny-emitter',
166 silly cache add   rawSpec: '2.0.2',
166 silly cache add   spec: '2.0.2',
166 silly cache add   type: 'version' }
167 silly addNamed tiny-emitter@2.0.2
168 verbose addNamed "2.0.2" is a plain semver version for tiny-emitter
169 silly mapToRegistry name tiny-emitter
170 silly mapToRegistry using default registry
171 silly mapToRegistry registry https://globaldevtools.bbva.com/artifactory/api/npm/npm-repo
172 silly mapToRegistry data Result {
172 silly mapToRegistry   raw: 'tiny-emitter',
172 silly mapToRegistry   scope: null,
172 silly mapToRegistry   escapedName: 'tiny-emitter',
172 silly mapToRegistry   name: 'tiny-emitter',
172 silly mapToRegistry   rawSpec: '',
172 silly mapToRegistry   spec: 'latest',
172 silly mapToRegistry   type: 'tag' }
173 silly mapToRegistry uri https://globaldevtools.bbva.com/artifactory/api/npm/npm-repo/tiny-emitter
174 verbose addNameVersion registry:https://globaldevtools.bbva.com/artifactory/api/npm/npm-repo/tiny-emitter not in flight; fetching
175 verbose get https://globaldevtools.bbva.com/artifactory/api/npm/npm-repo/tiny-emitter not expired, no request
176 silly mapToRegistry name tiny-emitter
177 silly mapToRegistry using default registry
178 silly mapToRegistry registry https://globaldevtools.bbva.com/artifactory/api/npm/npm-repo
179 silly mapToRegistry data Result {
179 silly mapToRegistry   raw: 'tiny-emitter',
179 silly mapToRegistry   scope: null,
179 silly mapToRegistry   escapedName: 'tiny-emitter',
179 silly mapToRegistry   name: 'tiny-emitter',
179 silly mapToRegistry   rawSpec: '',
179 silly mapToRegistry   spec: 'latest',
179 silly mapToRegistry   type: 'tag' }
180 silly mapToRegistry uri https://globaldevtools.bbva.com/artifactory/api/npm/npm-repo/tiny-emitter
181 verbose addRemoteTarball https://globaldevtools.bbva.com:443/artifactory/api/npm/npm-repo/tiny-emitter/-/tiny-emitter-2.0.2.tgz not in flight; adding
182 verbose addRemoteTarball [ 'https://globaldevtools.bbva.com:443/artifactory/api/npm/npm-repo/tiny-emitter/-/tiny-emitter-2.0.2.tgz',
182 verbose addRemoteTarball   '82d27468aca5ade8e5fd1e6d22b57dd43ebdfb7c' ]
183 info retry fetch attempt 1 at 5:20:22 PM
184 info attempt registry request try #1 at 5:20:22 PM
185 http fetch GET https://globaldevtools.bbva.com:443/artifactory/api/npm/npm-repo/tiny-emitter/-/tiny-emitter-2.0.2.tgz
186 http fetch 200 https://globaldevtools.bbva.com:443/artifactory/api/npm/npm-repo/tiny-emitter/-/tiny-emitter-2.0.2.tgz
187 silly fetchAndShaCheck shasum 82d27468aca5ade8e5fd1e6d22b57dd43ebdfb7c
188 verbose addTmpTarball /var/folders/gb/0d_6jwxj0bv2q_yq96bnh1fc0000gp/T/npm-16934-b1ca5268/globaldevtools.bbva.com_443/artifactory/api/npm/npm-repo/tiny-emitter/-/tiny-emitter-2.0.2.tgz not in flight; adding
189 verbose addTmpTarball already have metadata; skipping unpack for tiny-emitter@2.0.2
190 verbose correctMkdir /Users/albertoeyocastro-rial/.npm correctMkdir not in flight; initializing
191 silly cache afterAdd tiny-emitter@2.0.2
192 verbose afterAdd /Users/albertoeyocastro-rial/.npm/tiny-emitter/2.0.2/package/package.json not in flight; writing
193 verbose correctMkdir /Users/albertoeyocastro-rial/.npm correctMkdir not in flight; initializing
194 verbose afterAdd /Users/albertoeyocastro-rial/.npm/tiny-emitter/2.0.2/package/package.json written
195 http 200 https://globaldevtools.bbva.com/artifactory/api/npm/npm-repo/escape-latex
196 verbose headers { 'content-type': 'application/json',
196 verbose headers   date: 'Mon, 12 Feb 2018 16:20:22 GMT',
196 verbose headers   etag: '7df418bf749ac9e46ceb87a712ce83c553706757',
196 verbose headers   server: 'nginx',
196 verbose headers   'strict-transport-security': 'max-age=15768000',
196 verbose headers   'x-artifactory-id': 'b323abf51a56c8f878a52dd27c7cf97310d57b52',
196 verbose headers   'x-artifactory-node-id': 'pro-globaldevops-artifactory-1}',
196 verbose headers   'transfer-encoding': 'chunked',
196 verbose headers   connection: 'keep-alive' }
197 silly get cb [ 200,
197 silly get   { 'content-type': 'application/json',
197 silly get     date: 'Mon, 12 Feb 2018 16:20:22 GMT',
197 silly get     etag: '7df418bf749ac9e46ceb87a712ce83c553706757',
197 silly get     server: 'nginx',
197 silly get     'strict-transport-security': 'max-age=15768000',
197 silly get     'x-artifactory-id': 'b323abf51a56c8f878a52dd27c7cf97310d57b52',
197 silly get     'x-artifactory-node-id': 'pro-globaldevops-artifactory-1}',
197 silly get     'transfer-encoding': 'chunked',
197 silly get     connection: 'keep-alive' } ]
198 verbose get saving escape-latex to /Users/albertoeyocastro-rial/.npm/globaldevtools.bbva.com/artifactory/api/npm/npm-repo/escape-latex/.cache.json
199 verbose correctMkdir /Users/albertoeyocastro-rial/.npm correctMkdir not in flight; initializing
200 silly resolveWithNewModule escape-latex@1.0.0 checking installable status
201 silly cache add args [ 'escape-latex@^1.0.0', null ]
202 verbose cache add spec escape-latex@^1.0.0
203 silly cache add parsed spec Result {
203 silly cache add   raw: 'escape-latex@^1.0.0',
203 silly cache add   scope: null,
203 silly cache add   escapedName: 'escape-latex',
203 silly cache add   name: 'escape-latex',
203 silly cache add   rawSpec: '^1.0.0',
203 silly cache add   spec: '>=1.0.0 <2.0.0',
203 silly cache add   type: 'range' }
204 silly addNamed escape-latex@>=1.0.0 <2.0.0
205 verbose addNamed ">=1.0.0 <2.0.0" is a valid semver range for escape-latex
206 silly addNameRange { name: 'escape-latex', range: '>=1.0.0 <2.0.0', hasData: false }
207 silly mapToRegistry name escape-latex
208 silly mapToRegistry using default registry
209 silly mapToRegistry registry https://globaldevtools.bbva.com/artifactory/api/npm/npm-repo
210 silly mapToRegistry data Result {
210 silly mapToRegistry   raw: 'escape-latex',
210 silly mapToRegistry   scope: null,
210 silly mapToRegistry   escapedName: 'escape-latex',
210 silly mapToRegistry   name: 'escape-latex',
210 silly mapToRegistry   rawSpec: '',
210 silly mapToRegistry   spec: 'latest',
210 silly mapToRegistry   type: 'tag' }
211 silly mapToRegistry uri https://globaldevtools.bbva.com/artifactory/api/npm/npm-repo/escape-latex
212 verbose addNameRange registry:https://globaldevtools.bbva.com/artifactory/api/npm/npm-repo/escape-latex not in flight; fetching
213 verbose get https://globaldevtools.bbva.com/artifactory/api/npm/npm-repo/escape-latex not expired, no request
214 silly addNameRange number 2 { name: 'escape-latex', range: '>=1.0.0 <2.0.0', hasData: true }
215 silly addNameRange versions [ 'escape-latex',
215 silly addNameRange   [ '0.1.5',
215 silly addNameRange     '1.0.0-beta.1',
215 silly addNameRange     '0.1.3',
215 silly addNameRange     '0.1.4',
215 silly addNameRange     '1.0.0-beta.3',
215 silly addNameRange     '1.0.0-beta.2',
215 silly addNameRange     '0.1.1',
215 silly addNameRange     '0.1.2',
215 silly addNameRange     '1.0.0',
215 silly addNameRange     '0.0.1',
215 silly addNameRange     '0.1.0' ] ]
216 silly addNamed escape-latex@1.0.0
217 verbose addNamed "1.0.0" is a plain semver version for escape-latex
218 silly mapToRegistry name escape-latex
219 silly mapToRegistry using default registry
220 silly mapToRegistry registry https://globaldevtools.bbva.com/artifactory/api/npm/npm-repo
221 silly mapToRegistry data Result {
221 silly mapToRegistry   raw: 'escape-latex',
221 silly mapToRegistry   scope: null,
221 silly mapToRegistry   escapedName: 'escape-latex',
221 silly mapToRegistry   name: 'escape-latex',
221 silly mapToRegistry   rawSpec: '',
221 silly mapToRegistry   spec: 'latest',
221 silly mapToRegistry   type: 'tag' }
222 silly mapToRegistry uri https://globaldevtools.bbva.com/artifactory/api/npm/npm-repo/escape-latex
223 verbose addRemoteTarball https://globaldevtools.bbva.com:443/artifactory/api/npm/npm-repo/escape-latex/-/escape-latex-1.0.0.tgz not in flight; adding
224 verbose addRemoteTarball [ 'https://globaldevtools.bbva.com:443/artifactory/api/npm/npm-repo/escape-latex/-/escape-latex-1.0.0.tgz',
224 verbose addRemoteTarball   '74b9e94d8c178645704c33791e95a4155b59718f' ]
225 info retry fetch attempt 1 at 5:20:23 PM
226 info attempt registry request try #1 at 5:20:23 PM
227 http fetch GET https://globaldevtools.bbva.com:443/artifactory/api/npm/npm-repo/escape-latex/-/escape-latex-1.0.0.tgz
228 http 200 https://globaldevtools.bbva.com/artifactory/api/npm/npm-repo/complex.js
229 verbose headers { 'content-type': 'application/json',
229 verbose headers   date: 'Mon, 12 Feb 2018 16:20:23 GMT',
229 verbose headers   etag: 'a86dc1a0ba2d329ed745be8b3285e98f904fe01e',
229 verbose headers   server: 'nginx',
229 verbose headers   'strict-transport-security': 'max-age=15768000',
229 verbose headers   'x-artifactory-id': 'b323abf51a56c8f878a52dd27c7cf97310d57b52',
229 verbose headers   'x-artifactory-node-id': 'pro-globaldevops-artifactory-0',
229 verbose headers   'transfer-encoding': 'chunked',
229 verbose headers   connection: 'keep-alive' }
230 silly get cb [ 200,
230 silly get   { 'content-type': 'application/json',
230 silly get     date: 'Mon, 12 Feb 2018 16:20:23 GMT',
230 silly get     etag: 'a86dc1a0ba2d329ed745be8b3285e98f904fe01e',
230 silly get     server: 'nginx',
230 silly get     'strict-transport-security': 'max-age=15768000',
230 silly get     'x-artifactory-id': 'b323abf51a56c8f878a52dd27c7cf97310d57b52',
230 silly get     'x-artifactory-node-id': 'pro-globaldevops-artifactory-0',
230 silly get     'transfer-encoding': 'chunked',
230 silly get     connection: 'keep-alive' } ]
231 verbose get saving complex.js to /Users/albertoeyocastro-rial/.npm/globaldevtools.bbva.com/artifactory/api/npm/npm-repo/complex.js/.cache.json
232 verbose correctMkdir /Users/albertoeyocastro-rial/.npm correctMkdir not in flight; initializing
233 silly resolveWithNewModule complex.js@2.0.4 checking installable status
234 silly cache add args [ 'complex.js@2.0.4', null ]
235 verbose cache add spec complex.js@2.0.4
236 silly cache add parsed spec Result {
236 silly cache add   raw: 'complex.js@2.0.4',
236 silly cache add   scope: null,
236 silly cache add   escapedName: 'complex.js',
236 silly cache add   name: 'complex.js',
236 silly cache add   rawSpec: '2.0.4',
236 silly cache add   spec: '2.0.4',
236 silly cache add   type: 'version' }
237 silly addNamed complex.js@2.0.4
238 verbose addNamed "2.0.4" is a plain semver version for complex.js
239 silly mapToRegistry name complex.js
240 silly mapToRegistry using default registry
241 silly mapToRegistry registry https://globaldevtools.bbva.com/artifactory/api/npm/npm-repo
242 silly mapToRegistry data Result {
242 silly mapToRegistry   raw: 'complex.js',
242 silly mapToRegistry   scope: null,
242 silly mapToRegistry   escapedName: 'complex.js',
242 silly mapToRegistry   name: 'complex.js',
242 silly mapToRegistry   rawSpec: '',
242 silly mapToRegistry   spec: 'latest',
242 silly mapToRegistry   type: 'tag' }
243 silly mapToRegistry uri https://globaldevtools.bbva.com/artifactory/api/npm/npm-repo/complex.js
244 verbose addNameVersion registry:https://globaldevtools.bbva.com/artifactory/api/npm/npm-repo/complex.js not in flight; fetching
245 verbose get https://globaldevtools.bbva.com/artifactory/api/npm/npm-repo/complex.js not expired, no request
246 silly mapToRegistry name complex.js
247 silly mapToRegistry using default registry
248 silly mapToRegistry registry https://globaldevtools.bbva.com/artifactory/api/npm/npm-repo
249 silly mapToRegistry data Result {
249 silly mapToRegistry   raw: 'complex.js',
249 silly mapToRegistry   scope: null,
249 silly mapToRegistry   escapedName: 'complex.js',
249 silly mapToRegistry   name: 'complex.js',
249 silly mapToRegistry   rawSpec: '',
249 silly mapToRegistry   spec: 'latest',
249 silly mapToRegistry   type: 'tag' }
250 silly mapToRegistry uri https://globaldevtools.bbva.com/artifactory/api/npm/npm-repo/complex.js
251 verbose addRemoteTarball https://globaldevtools.bbva.com:443/artifactory/api/npm/npm-repo/complex.js/-/complex.js-2.0.4.tgz not in flight; adding
252 verbose addRemoteTarball [ 'https://globaldevtools.bbva.com:443/artifactory/api/npm/npm-repo/complex.js/-/complex.js-2.0.4.tgz',
252 verbose addRemoteTarball   'd8e7cfb9652d1e853e723386421c1a0ca7a48373' ]
253 info retry fetch attempt 1 at 5:20:23 PM
254 info attempt registry request try #1 at 5:20:23 PM
255 http fetch GET https://globaldevtools.bbva.com:443/artifactory/api/npm/npm-repo/complex.js/-/complex.js-2.0.4.tgz
256 http 200 https://globaldevtools.bbva.com/artifactory/api/npm/npm-repo/javascript-natural-sort
257 verbose headers { 'content-type': 'application/json',
257 verbose headers   date: 'Mon, 12 Feb 2018 16:20:23 GMT',
257 verbose headers   etag: '3b31f143bf05980332a700707d0bcc55e2c6a60f',
257 verbose headers   server: 'nginx',
257 verbose headers   'strict-transport-security': 'max-age=15768000',
257 verbose headers   'x-artifactory-id': 'b323abf51a56c8f878a52dd27c7cf97310d57b52',
257 verbose headers   'x-artifactory-node-id': 'pro-globaldevops-artifactory-0',
257 verbose headers   'content-length': '6096',
257 verbose headers   connection: 'keep-alive' }
258 silly get cb [ 200,
258 silly get   { 'content-type': 'application/json',
258 silly get     date: 'Mon, 12 Feb 2018 16:20:23 GMT',
258 silly get     etag: '3b31f143bf05980332a700707d0bcc55e2c6a60f',
258 silly get     server: 'nginx',
258 silly get     'strict-transport-security': 'max-age=15768000',
258 silly get     'x-artifactory-id': 'b323abf51a56c8f878a52dd27c7cf97310d57b52',
258 silly get     'x-artifactory-node-id': 'pro-globaldevops-artifactory-0',
258 silly get     'content-length': '6096',
258 silly get     connection: 'keep-alive' } ]
259 verbose get saving javascript-natural-sort to /Users/albertoeyocastro-rial/.npm/globaldevtools.bbva.com/artifactory/api/npm/npm-repo/javascript-natural-sort/.cache.json
260 verbose correctMkdir /Users/albertoeyocastro-rial/.npm correctMkdir not in flight; initializing
261 silly resolveWithNewModule javascript-natural-sort@0.7.1 checking installable status
262 silly cache add args [ 'javascript-natural-sort@0.7.1', null ]
263 verbose cache add spec javascript-natural-sort@0.7.1
264 silly cache add parsed spec Result {
264 silly cache add   raw: 'javascript-natural-sort@0.7.1',
264 silly cache add   scope: null,
264 silly cache add   escapedName: 'javascript-natural-sort',
264 silly cache add   name: 'javascript-natural-sort',
264 silly cache add   rawSpec: '0.7.1',
264 silly cache add   spec: '0.7.1',
264 silly cache add   type: 'version' }
265 silly addNamed javascript-natural-sort@0.7.1
266 verbose addNamed "0.7.1" is a plain semver version for javascript-natural-sort
267 silly mapToRegistry name javascript-natural-sort
268 silly mapToRegistry using default registry
269 silly mapToRegistry registry https://globaldevtools.bbva.com/artifactory/api/npm/npm-repo
270 silly mapToRegistry data Result {
270 silly mapToRegistry   raw: 'javascript-natural-sort',
270 silly mapToRegistry   scope: null,
270 silly mapToRegistry   escapedName: 'javascript-natural-sort',
270 silly mapToRegistry   name: 'javascript-natural-sort',
270 silly mapToRegistry   rawSpec: '',
270 silly mapToRegistry   spec: 'latest',
270 silly mapToRegistry   type: 'tag' }
271 silly mapToRegistry uri https://globaldevtools.bbva.com/artifactory/api/npm/npm-repo/javascript-natural-sort
272 verbose addNameVersion registry:https://globaldevtools.bbva.com/artifactory/api/npm/npm-repo/javascript-natural-sort not in flight; fetching
273 verbose get https://globaldevtools.bbva.com/artifactory/api/npm/npm-repo/javascript-natural-sort not expired, no request
274 silly mapToRegistry name javascript-natural-sort
275 silly mapToRegistry using default registry
276 silly mapToRegistry registry https://globaldevtools.bbva.com/artifactory/api/npm/npm-repo
277 silly mapToRegistry data Result {
277 silly mapToRegistry   raw: 'javascript-natural-sort',
277 silly mapToRegistry   scope: null,
277 silly mapToRegistry   escapedName: 'javascript-natural-sort',
277 silly mapToRegistry   name: 'javascript-natural-sort',
277 silly mapToRegistry   rawSpec: '',
277 silly mapToRegistry   spec: 'latest',
277 silly mapToRegistry   type: 'tag' }
278 silly mapToRegistry uri https://globaldevtools.bbva.com/artifactory/api/npm/npm-repo/javascript-natural-sort
279 verbose addRemoteTarball https://globaldevtools.bbva.com:443/artifactory/api/npm/npm-repo/javascript-natural-sort/-/javascript-natural-sort-0.7.1.tgz not in flight; adding
280 verbose addRemoteTarball [ 'https://globaldevtools.bbva.com:443/artifactory/api/npm/npm-repo/javascript-natural-sort/-/javascript-natural-sort-0.7.1.tgz',
280 verbose addRemoteTarball   'f9e2303d4507f6d74355a73664d1440fb5a0ef59' ]
281 info retry fetch attempt 1 at 5:20:23 PM
282 info attempt registry request try #1 at 5:20:23 PM
283 http fetch GET https://globaldevtools.bbva.com:443/artifactory/api/npm/npm-repo/javascript-natural-sort/-/javascript-natural-sort-0.7.1.tgz
284 http 200 https://globaldevtools.bbva.com/artifactory/api/npm/npm-repo/seed-random
285 verbose headers { 'content-type': 'application/json',
285 verbose headers   date: 'Mon, 12 Feb 2018 16:20:23 GMT',
285 verbose headers   etag: '66e8028ef1ec1f848787d3ed45039a3a5c289c1f',
285 verbose headers   server: 'nginx',
285 verbose headers   'strict-transport-security': 'max-age=15768000',
285 verbose headers   'x-artifactory-id': 'b323abf51a56c8f878a52dd27c7cf97310d57b52',
285 verbose headers   'x-artifactory-node-id': 'pro-globaldevops-artifactory-2}',
285 verbose headers   'content-length': '5541',
285 verbose headers   connection: 'keep-alive' }
286 silly get cb [ 200,
286 silly get   { 'content-type': 'application/json',
286 silly get     date: 'Mon, 12 Feb 2018 16:20:23 GMT',
286 silly get     etag: '66e8028ef1ec1f848787d3ed45039a3a5c289c1f',
286 silly get     server: 'nginx',
286 silly get     'strict-transport-security': 'max-age=15768000',
286 silly get     'x-artifactory-id': 'b323abf51a56c8f878a52dd27c7cf97310d57b52',
286 silly get     'x-artifactory-node-id': 'pro-globaldevops-artifactory-2}',
286 silly get     'content-length': '5541',
286 silly get     connection: 'keep-alive' } ]
287 verbose get saving seed-random to /Users/albertoeyocastro-rial/.npm/globaldevtools.bbva.com/artifactory/api/npm/npm-repo/seed-random/.cache.json
288 verbose correctMkdir /Users/albertoeyocastro-rial/.npm correctMkdir not in flight; initializing
289 silly resolveWithNewModule seed-random@2.2.0 checking installable status
290 silly cache add args [ 'seed-random@2.2.0', null ]
291 verbose cache add spec seed-random@2.2.0
292 silly cache add parsed spec Result {
292 silly cache add   raw: 'seed-random@2.2.0',
292 silly cache add   scope: null,
292 silly cache add   escapedName: 'seed-random',
292 silly cache add   name: 'seed-random',
292 silly cache add   rawSpec: '2.2.0',
292 silly cache add   spec: '2.2.0',
292 silly cache add   type: 'version' }
293 silly addNamed seed-random@2.2.0
294 verbose addNamed "2.2.0" is a plain semver version for seed-random
295 silly mapToRegistry name seed-random
296 silly mapToRegistry using default registry
297 silly mapToRegistry registry https://globaldevtools.bbva.com/artifactory/api/npm/npm-repo
298 silly mapToRegistry data Result {
298 silly mapToRegistry   raw: 'seed-random',
298 silly mapToRegistry   scope: null,
298 silly mapToRegistry   escapedName: 'seed-random',
298 silly mapToRegistry   name: 'seed-random',
298 silly mapToRegistry   rawSpec: '',
298 silly mapToRegistry   spec: 'latest',
298 silly mapToRegistry   type: 'tag' }
299 silly mapToRegistry uri https://globaldevtools.bbva.com/artifactory/api/npm/npm-repo/seed-random
300 verbose addNameVersion registry:https://globaldevtools.bbva.com/artifactory/api/npm/npm-repo/seed-random not in flight; fetching
301 http fetch 200 https://globaldevtools.bbva.com:443/artifactory/api/npm/npm-repo/javascript-natural-sort/-/javascript-natural-sort-0.7.1.tgz
302 verbose get https://globaldevtools.bbva.com/artifactory/api/npm/npm-repo/seed-random not expired, no request
303 silly mapToRegistry name seed-random
304 silly mapToRegistry using default registry
305 silly mapToRegistry registry https://globaldevtools.bbva.com/artifactory/api/npm/npm-repo
306 silly mapToRegistry data Result {
306 silly mapToRegistry   raw: 'seed-random',
306 silly mapToRegistry   scope: null,
306 silly mapToRegistry   escapedName: 'seed-random',
306 silly mapToRegistry   name: 'seed-random',
306 silly mapToRegistry   rawSpec: '',
306 silly mapToRegistry   spec: 'latest',
306 silly mapToRegistry   type: 'tag' }
307 silly mapToRegistry uri https://globaldevtools.bbva.com/artifactory/api/npm/npm-repo/seed-random
308 verbose addRemoteTarball https://globaldevtools.bbva.com:443/artifactory/api/npm/npm-repo/seed-random/-/seed-random-2.2.0.tgz not in flight; adding
309 verbose addRemoteTarball [ 'https://globaldevtools.bbva.com:443/artifactory/api/npm/npm-repo/seed-random/-/seed-random-2.2.0.tgz',
309 verbose addRemoteTarball   '2a9b19e250a817099231a5b99a4daf80b7fbed54' ]
310 silly fetchAndShaCheck shasum f9e2303d4507f6d74355a73664d1440fb5a0ef59
311 verbose addTmpTarball /var/folders/gb/0d_6jwxj0bv2q_yq96bnh1fc0000gp/T/npm-16934-b1ca5268/globaldevtools.bbva.com_443/artifactory/api/npm/npm-repo/javascript-natural-sort/-/javascript-natural-sort-0.7.1.tgz not in flight; adding
312 verbose addTmpTarball already have metadata; skipping unpack for javascript-natural-sort@0.7.1
313 verbose correctMkdir /Users/albertoeyocastro-rial/.npm correctMkdir not in flight; initializing
314 info retry fetch attempt 1 at 5:20:23 PM
315 info attempt registry request try #1 at 5:20:23 PM
316 http fetch GET https://globaldevtools.bbva.com:443/artifactory/api/npm/npm-repo/seed-random/-/seed-random-2.2.0.tgz
317 silly cache afterAdd javascript-natural-sort@0.7.1
318 verbose afterAdd /Users/albertoeyocastro-rial/.npm/javascript-natural-sort/0.7.1/package/package.json not in flight; writing
319 verbose correctMkdir /Users/albertoeyocastro-rial/.npm correctMkdir not in flight; initializing
320 verbose afterAdd /Users/albertoeyocastro-rial/.npm/javascript-natural-sort/0.7.1/package/package.json written
321 http 200 https://globaldevtools.bbva.com/artifactory/api/npm/npm-repo/decimal.js
322 verbose headers { 'content-type': 'application/json',
322 verbose headers   date: 'Mon, 12 Feb 2018 16:20:23 GMT',
322 verbose headers   etag: '64027ded553c659ccfaf7deb1de7ab9b23a72fbf',
322 verbose headers   server: 'nginx',
322 verbose headers   'strict-transport-security': 'max-age=15768000',
322 verbose headers   'x-artifactory-id': 'b323abf51a56c8f878a52dd27c7cf97310d57b52',
322 verbose headers   'x-artifactory-node-id': 'pro-globaldevops-artifactory-0',
322 verbose headers   'transfer-encoding': 'chunked',
322 verbose headers   connection: 'keep-alive' }
323 silly get cb [ 200,
323 silly get   { 'content-type': 'application/json',
323 silly get     date: 'Mon, 12 Feb 2018 16:20:23 GMT',
323 silly get     etag: '64027ded553c659ccfaf7deb1de7ab9b23a72fbf',
323 silly get     server: 'nginx',
323 silly get     'strict-transport-security': 'max-age=15768000',
323 silly get     'x-artifactory-id': 'b323abf51a56c8f878a52dd27c7cf97310d57b52',
323 silly get     'x-artifactory-node-id': 'pro-globaldevops-artifactory-0',
323 silly get     'transfer-encoding': 'chunked',
323 silly get     connection: 'keep-alive' } ]
324 verbose get saving decimal.js to /Users/albertoeyocastro-rial/.npm/globaldevtools.bbva.com/artifactory/api/npm/npm-repo/decimal.js/.cache.json
325 verbose correctMkdir /Users/albertoeyocastro-rial/.npm correctMkdir not in flight; initializing
326 silly resolveWithNewModule decimal.js@9.0.1 checking installable status
327 silly cache add args [ 'decimal.js@9.0.1', null ]
328 verbose cache add spec decimal.js@9.0.1
329 silly cache add parsed spec Result {
329 silly cache add   raw: 'decimal.js@9.0.1',
329 silly cache add   scope: null,
329 silly cache add   escapedName: 'decimal.js',
329 silly cache add   name: 'decimal.js',
329 silly cache add   rawSpec: '9.0.1',
329 silly cache add   spec: '9.0.1',
329 silly cache add   type: 'version' }
330 silly addNamed decimal.js@9.0.1
331 verbose addNamed "9.0.1" is a plain semver version for decimal.js
332 silly mapToRegistry name decimal.js
333 silly mapToRegistry using default registry
334 silly mapToRegistry registry https://globaldevtools.bbva.com/artifactory/api/npm/npm-repo
335 silly mapToRegistry data Result {
335 silly mapToRegistry   raw: 'decimal.js',
335 silly mapToRegistry   scope: null,
335 silly mapToRegistry   escapedName: 'decimal.js',
335 silly mapToRegistry   name: 'decimal.js',
335 silly mapToRegistry   rawSpec: '',
335 silly mapToRegistry   spec: 'latest',
335 silly mapToRegistry   type: 'tag' }
336 silly mapToRegistry uri https://globaldevtools.bbva.com/artifactory/api/npm/npm-repo/decimal.js
337 verbose addNameVersion registry:https://globaldevtools.bbva.com/artifactory/api/npm/npm-repo/decimal.js not in flight; fetching
338 verbose get https://globaldevtools.bbva.com/artifactory/api/npm/npm-repo/decimal.js not expired, no request
339 silly mapToRegistry name decimal.js
340 silly mapToRegistry using default registry
341 silly mapToRegistry registry https://globaldevtools.bbva.com/artifactory/api/npm/npm-repo
342 silly mapToRegistry data Result {
342 silly mapToRegistry   raw: 'decimal.js',
342 silly mapToRegistry   scope: null,
342 silly mapToRegistry   escapedName: 'decimal.js',
342 silly mapToRegistry   name: 'decimal.js',
342 silly mapToRegistry   rawSpec: '',
342 silly mapToRegistry   spec: 'latest',
342 silly mapToRegistry   type: 'tag' }
343 silly mapToRegistry uri https://globaldevtools.bbva.com/artifactory/api/npm/npm-repo/decimal.js
344 verbose addRemoteTarball https://globaldevtools.bbva.com:443/artifactory/api/npm/npm-repo/decimal.js/-/decimal.js-9.0.1.tgz not in flight; adding
345 verbose addRemoteTarball [ 'https://globaldevtools.bbva.com:443/artifactory/api/npm/npm-repo/decimal.js/-/decimal.js-9.0.1.tgz',
345 verbose addRemoteTarball   '1cc8b228177da7ab6498c1cc06eb130a290e6e1e' ]
346 info retry fetch attempt 1 at 5:20:23 PM
347 info attempt registry request try #1 at 5:20:23 PM
348 http fetch GET https://globaldevtools.bbva.com:443/artifactory/api/npm/npm-repo/decimal.js/-/decimal.js-9.0.1.tgz
349 http 200 https://globaldevtools.bbva.com/artifactory/api/npm/npm-repo/fraction.js
350 verbose headers { 'content-type': 'application/json',
350 verbose headers   date: 'Mon, 12 Feb 2018 16:20:23 GMT',
350 verbose headers   etag: 'd451dad426f0e0d4877b578cabce7696343d0690',
350 verbose headers   server: 'nginx',
350 verbose headers   'strict-transport-security': 'max-age=15768000',
350 verbose headers   'x-artifactory-id': 'b323abf51a56c8f878a52dd27c7cf97310d57b52',
350 verbose headers   'x-artifactory-node-id': 'pro-globaldevops-artifactory-2}',
350 verbose headers   'transfer-encoding': 'chunked',
350 verbose headers   connection: 'keep-alive' }
351 silly get cb [ 200,
351 silly get   { 'content-type': 'application/json',
351 silly get     date: 'Mon, 12 Feb 2018 16:20:23 GMT',
351 silly get     etag: 'd451dad426f0e0d4877b578cabce7696343d0690',
351 silly get     server: 'nginx',
351 silly get     'strict-transport-security': 'max-age=15768000',
351 silly get     'x-artifactory-id': 'b323abf51a56c8f878a52dd27c7cf97310d57b52',
351 silly get     'x-artifactory-node-id': 'pro-globaldevops-artifactory-2}',
351 silly get     'transfer-encoding': 'chunked',
351 silly get     connection: 'keep-alive' } ]
352 verbose get saving fraction.js to /Users/albertoeyocastro-rial/.npm/globaldevtools.bbva.com/artifactory/api/npm/npm-repo/fraction.js/.cache.json
353 verbose correctMkdir /Users/albertoeyocastro-rial/.npm correctMkdir not in flight; initializing
354 silly resolveWithNewModule fraction.js@4.0.4 checking installable status
355 silly cache add args [ 'fraction.js@4.0.4', null ]
356 verbose cache add spec fraction.js@4.0.4
357 silly cache add parsed spec Result {
357 silly cache add   raw: 'fraction.js@4.0.4',
357 silly cache add   scope: null,
357 silly cache add   escapedName: 'fraction.js',
357 silly cache add   name: 'fraction.js',
357 silly cache add   rawSpec: '4.0.4',
357 silly cache add   spec: '4.0.4',
357 silly cache add   type: 'version' }
358 silly addNamed fraction.js@4.0.4
359 verbose addNamed "4.0.4" is a plain semver version for fraction.js
360 silly mapToRegistry name fraction.js
361 silly mapToRegistry using default registry
362 silly mapToRegistry registry https://globaldevtools.bbva.com/artifactory/api/npm/npm-repo
363 silly mapToRegistry data Result {
363 silly mapToRegistry   raw: 'fraction.js',
363 silly mapToRegistry   scope: null,
363 silly mapToRegistry   escapedName: 'fraction.js',
363 silly mapToRegistry   name: 'fraction.js',
363 silly mapToRegistry   rawSpec: '',
363 silly mapToRegistry   spec: 'latest',
363 silly mapToRegistry   type: 'tag' }
364 silly mapToRegistry uri https://globaldevtools.bbva.com/artifactory/api/npm/npm-repo/fraction.js
365 verbose addNameVersion registry:https://globaldevtools.bbva.com/artifactory/api/npm/npm-repo/fraction.js not in flight; fetching
366 verbose get https://globaldevtools.bbva.com/artifactory/api/npm/npm-repo/fraction.js not expired, no request
367 silly mapToRegistry name fraction.js
368 silly mapToRegistry using default registry
369 silly mapToRegistry registry https://globaldevtools.bbva.com/artifactory/api/npm/npm-repo
370 silly mapToRegistry data Result {
370 silly mapToRegistry   raw: 'fraction.js',
370 silly mapToRegistry   scope: null,
370 silly mapToRegistry   escapedName: 'fraction.js',
370 silly mapToRegistry   name: 'fraction.js',
370 silly mapToRegistry   rawSpec: '',
370 silly mapToRegistry   spec: 'latest',
370 silly mapToRegistry   type: 'tag' }
371 silly mapToRegistry uri https://globaldevtools.bbva.com/artifactory/api/npm/npm-repo/fraction.js
372 verbose addRemoteTarball https://globaldevtools.bbva.com:443/artifactory/api/npm/npm-repo/fraction.js/-/fraction.js-4.0.4.tgz not in flight; adding
373 verbose addRemoteTarball [ 'https://globaldevtools.bbva.com:443/artifactory/api/npm/npm-repo/fraction.js/-/fraction.js-4.0.4.tgz',
373 verbose addRemoteTarball   '04e567110718adf7b52974a10434ab4c67a5183e' ]
374 info retry fetch attempt 1 at 5:20:23 PM
375 info attempt registry request try #1 at 5:20:23 PM
376 http fetch GET https://globaldevtools.bbva.com:443/artifactory/api/npm/npm-repo/fraction.js/-/fraction.js-4.0.4.tgz
377 http fetch 200 https://globaldevtools.bbva.com:443/artifactory/api/npm/npm-repo/decimal.js/-/decimal.js-9.0.1.tgz
378 http fetch 200 https://globaldevtools.bbva.com:443/artifactory/api/npm/npm-repo/escape-latex/-/escape-latex-1.0.0.tgz
379 silly fetchAndShaCheck shasum 74b9e94d8c178645704c33791e95a4155b59718f
380 verbose addTmpTarball /var/folders/gb/0d_6jwxj0bv2q_yq96bnh1fc0000gp/T/npm-16934-b1ca5268/globaldevtools.bbva.com_443/artifactory/api/npm/npm-repo/escape-latex/-/escape-latex-1.0.0.tgz not in flight; adding
381 verbose addTmpTarball already have metadata; skipping unpack for escape-latex@1.0.0
382 verbose correctMkdir /Users/albertoeyocastro-rial/.npm correctMkdir not in flight; initializing
383 silly cache afterAdd escape-latex@1.0.0
384 verbose afterAdd /Users/albertoeyocastro-rial/.npm/escape-latex/1.0.0/package/package.json not in flight; writing
385 verbose correctMkdir /Users/albertoeyocastro-rial/.npm correctMkdir not in flight; initializing
386 verbose afterAdd /Users/albertoeyocastro-rial/.npm/escape-latex/1.0.0/package/package.json written
387 silly fetchAndShaCheck shasum 1cc8b228177da7ab6498c1cc06eb130a290e6e1e
388 verbose addTmpTarball /var/folders/gb/0d_6jwxj0bv2q_yq96bnh1fc0000gp/T/npm-16934-b1ca5268/globaldevtools.bbva.com_443/artifactory/api/npm/npm-repo/decimal.js/-/decimal.js-9.0.1.tgz not in flight; adding
389 verbose addTmpTarball already have metadata; skipping unpack for decimal.js@9.0.1
390 verbose correctMkdir /Users/albertoeyocastro-rial/.npm correctMkdir not in flight; initializing
391 silly cache afterAdd decimal.js@9.0.1
392 verbose afterAdd /Users/albertoeyocastro-rial/.npm/decimal.js/9.0.1/package/package.json not in flight; writing
393 verbose correctMkdir /Users/albertoeyocastro-rial/.npm correctMkdir not in flight; initializing
394 verbose afterAdd /Users/albertoeyocastro-rial/.npm/decimal.js/9.0.1/package/package.json written
395 http 404 https://globaldevtools.bbva.com/artifactory/api/npm/npm-repo/typed-function
396 verbose headers { 'content-type': 'application/json',
396 verbose headers   date: 'Mon, 12 Feb 2018 16:20:38 GMT',
396 verbose headers   server: 'nginx',
396 verbose headers   'x-artifactory-id': 'b323abf51a56c8f878a52dd27c7cf97310d57b52',
396 verbose headers   'x-artifactory-node-id': 'pro-globaldevops-artifactory-0',
396 verbose headers   'content-length': '54',
396 verbose headers   connection: 'keep-alive' }
397 silly get cb [ 404,
397 silly get   { 'content-type': 'application/json',
397 silly get     date: 'Mon, 12 Feb 2018 16:20:38 GMT',
397 silly get     server: 'nginx',
397 silly get     'x-artifactory-id': 'b323abf51a56c8f878a52dd27c7cf97310d57b52',
397 silly get     'x-artifactory-node-id': 'pro-globaldevops-artifactory-0',
397 silly get     'content-length': '54',
397 silly get     connection: 'keep-alive' } ]
398 silly fetchPackageMetaData Error: 404 Not Found: artifactory
398 silly fetchPackageMetaData     at makeError (/Users/albertoeyocastro-rial/.nvm/versions/node/v7.3.0/lib/node_modules/npm/node_modules/npm-registry-client/lib/request.js:302:12)
398 silly fetchPackageMetaData     at CachingRegistryClient.<anonymous> (/Users/albertoeyocastro-rial/.nvm/versions/node/v7.3.0/lib/node_modules/npm/node_modules/npm-registry-client/lib/request.js:288:14)
398 silly fetchPackageMetaData     at Request._callback (/Users/albertoeyocastro-rial/.nvm/versions/node/v7.3.0/lib/node_modules/npm/node_modules/npm-registry-client/lib/request.js:210:14)
398 silly fetchPackageMetaData     at Request.self.callback (/Users/albertoeyocastro-rial/.nvm/versions/node/v7.3.0/lib/node_modules/npm/node_modules/request/request.js:187:22)
398 silly fetchPackageMetaData     at emitTwo (events.js:106:13)
398 silly fetchPackageMetaData     at Request.emit (events.js:191:7)
398 silly fetchPackageMetaData     at Request.<anonymous> (/Users/albertoeyocastro-rial/.nvm/versions/node/v7.3.0/lib/node_modules/npm/node_modules/request/request.js:1048:10)
398 silly fetchPackageMetaData     at emitOne (events.js:96:13)
398 silly fetchPackageMetaData     at Request.emit (events.js:188:7)
398 silly fetchPackageMetaData     at IncomingMessage.<anonymous> (/Users/albertoeyocastro-rial/.nvm/versions/node/v7.3.0/lib/node_modules/npm/node_modules/request/request.js:969:12)
398 silly fetchPackageMetaData  error for typed-function@0.10.7 { Error: 404 Not Found: artifactory
398 silly fetchPackageMetaData     at makeError (/Users/albertoeyocastro-rial/.nvm/versions/node/v7.3.0/lib/node_modules/npm/node_modules/npm-registry-client/lib/request.js:302:12)
398 silly fetchPackageMetaData     at CachingRegistryClient.<anonymous> (/Users/albertoeyocastro-rial/.nvm/versions/node/v7.3.0/lib/node_modules/npm/node_modules/npm-registry-client/lib/request.js:288:14)
398 silly fetchPackageMetaData     at Request._callback (/Users/albertoeyocastro-rial/.nvm/versions/node/v7.3.0/lib/node_modules/npm/node_modules/npm-registry-client/lib/request.js:210:14)
398 silly fetchPackageMetaData     at Request.self.callback (/Users/albertoeyocastro-rial/.nvm/versions/node/v7.3.0/lib/node_modules/npm/node_modules/request/request.js:187:22)
398 silly fetchPackageMetaData     at emitTwo (events.js:106:13)
398 silly fetchPackageMetaData     at Request.emit (events.js:191:7)
398 silly fetchPackageMetaData     at Request.<anonymous> (/Users/albertoeyocastro-rial/.nvm/versions/node/v7.3.0/lib/node_modules/npm/node_modules/request/request.js:1048:10)
398 silly fetchPackageMetaData     at emitOne (events.js:96:13)
398 silly fetchPackageMetaData     at Request.emit (events.js:188:7)
398 silly fetchPackageMetaData     at IncomingMessage.<anonymous> (/Users/albertoeyocastro-rial/.nvm/versions/node/v7.3.0/lib/node_modules/npm/node_modules/request/request.js:969:12) pkgid: 'artifactory', statusCode: 404, code: 'E404' }
399 http fetch 504 https://globaldevtools.bbva.com:443/artifactory/api/npm/npm-repo/complex.js/-/complex.js-2.0.4.tgz
400 info retry will retry, error on last attempt: Error: server error 504
401 http fetch 504 https://globaldevtools.bbva.com:443/artifactory/api/npm/npm-repo/seed-random/-/seed-random-2.2.0.tgz
402 info retry will retry, error on last attempt: Error: server error 504
403 http fetch 504 https://globaldevtools.bbva.com:443/artifactory/api/npm/npm-repo/fraction.js/-/fraction.js-4.0.4.tgz
404 info retry will retry, error on last attempt: Error: server error 504
405 info attempt registry request try #2 at 5:21:33 PM
406 http fetch GET https://globaldevtools.bbva.com:443/artifactory/api/npm/npm-repo/complex.js/-/complex.js-2.0.4.tgz
407 http fetch 200 https://globaldevtools.bbva.com:443/artifactory/api/npm/npm-repo/complex.js/-/complex.js-2.0.4.tgz
408 silly fetchAndShaCheck shasum d8e7cfb9652d1e853e723386421c1a0ca7a48373
409 verbose addTmpTarball /var/folders/gb/0d_6jwxj0bv2q_yq96bnh1fc0000gp/T/npm-16934-b1ca5268/globaldevtools.bbva.com_443/artifactory/api/npm/npm-repo/complex.js/-/complex.js-2.0.4.tgz not in flight; adding
410 verbose addTmpTarball already have metadata; skipping unpack for complex.js@2.0.4
411 verbose correctMkdir /Users/albertoeyocastro-rial/.npm correctMkdir not in flight; initializing
412 silly cache afterAdd complex.js@2.0.4
413 verbose afterAdd /Users/albertoeyocastro-rial/.npm/complex.js/2.0.4/package/package.json not in flight; writing
414 verbose correctMkdir /Users/albertoeyocastro-rial/.npm correctMkdir not in flight; initializing
415 verbose afterAdd /Users/albertoeyocastro-rial/.npm/complex.js/2.0.4/package/package.json written
416 info attempt registry request try #2 at 5:21:33 PM
417 http fetch GET https://globaldevtools.bbva.com:443/artifactory/api/npm/npm-repo/seed-random/-/seed-random-2.2.0.tgz
418 http fetch 200 https://globaldevtools.bbva.com:443/artifactory/api/npm/npm-repo/seed-random/-/seed-random-2.2.0.tgz
419 silly fetchAndShaCheck shasum 2a9b19e250a817099231a5b99a4daf80b7fbed54
420 verbose addTmpTarball /var/folders/gb/0d_6jwxj0bv2q_yq96bnh1fc0000gp/T/npm-16934-b1ca5268/globaldevtools.bbva.com_443/artifactory/api/npm/npm-repo/seed-random/-/seed-random-2.2.0.tgz not in flight; adding
421 verbose addTmpTarball already have metadata; skipping unpack for seed-random@2.2.0
422 verbose correctMkdir /Users/albertoeyocastro-rial/.npm correctMkdir not in flight; initializing
423 silly cache afterAdd seed-random@2.2.0
424 verbose afterAdd /Users/albertoeyocastro-rial/.npm/seed-random/2.2.0/package/package.json not in flight; writing
425 verbose correctMkdir /Users/albertoeyocastro-rial/.npm correctMkdir not in flight; initializing
426 verbose afterAdd /Users/albertoeyocastro-rial/.npm/seed-random/2.2.0/package/package.json written
427 info attempt registry request try #2 at 5:21:33 PM
428 http fetch GET https://globaldevtools.bbva.com:443/artifactory/api/npm/npm-repo/fraction.js/-/fraction.js-4.0.4.tgz
429 http fetch 200 https://globaldevtools.bbva.com:443/artifactory/api/npm/npm-repo/fraction.js/-/fraction.js-4.0.4.tgz
430 silly fetchAndShaCheck shasum 04e567110718adf7b52974a10434ab4c67a5183e
431 verbose addTmpTarball /var/folders/gb/0d_6jwxj0bv2q_yq96bnh1fc0000gp/T/npm-16934-b1ca5268/globaldevtools.bbva.com_443/artifactory/api/npm/npm-repo/fraction.js/-/fraction.js-4.0.4.tgz not in flight; adding
432 verbose addTmpTarball already have metadata; skipping unpack for fraction.js@4.0.4
433 verbose correctMkdir /Users/albertoeyocastro-rial/.npm correctMkdir not in flight; initializing
434 silly cache afterAdd fraction.js@4.0.4
435 verbose afterAdd /Users/albertoeyocastro-rial/.npm/fraction.js/4.0.4/package/package.json not in flight; writing
436 verbose correctMkdir /Users/albertoeyocastro-rial/.npm correctMkdir not in flight; initializing
437 verbose afterAdd /Users/albertoeyocastro-rial/.npm/fraction.js/4.0.4/package/package.json written
438 silly rollbackFailedOptional Starting
439 silly rollbackFailedOptional Finishing
440 silly runTopLevelLifecycles Finishing
441 silly install printInstalled
442 verbose stack Error: 404 Not Found: artifactory
442 verbose stack     at makeError (/Users/albertoeyocastro-rial/.nvm/versions/node/v7.3.0/lib/node_modules/npm/node_modules/npm-registry-client/lib/request.js:302:12)
442 verbose stack     at CachingRegistryClient.<anonymous> (/Users/albertoeyocastro-rial/.nvm/versions/node/v7.3.0/lib/node_modules/npm/node_modules/npm-registry-client/lib/request.js:288:14)
442 verbose stack     at Request._callback (/Users/albertoeyocastro-rial/.nvm/versions/node/v7.3.0/lib/node_modules/npm/node_modules/npm-registry-client/lib/request.js:210:14)
442 verbose stack     at Request.self.callback (/Users/albertoeyocastro-rial/.nvm/versions/node/v7.3.0/lib/node_modules/npm/node_modules/request/request.js:187:22)
442 verbose stack     at emitTwo (events.js:106:13)
442 verbose stack     at Request.emit (events.js:191:7)
442 verbose stack     at Request.<anonymous> (/Users/albertoeyocastro-rial/.nvm/versions/node/v7.3.0/lib/node_modules/npm/node_modules/request/request.js:1048:10)
442 verbose stack     at emitOne (events.js:96:13)
442 verbose stack     at Request.emit (events.js:188:7)
442 verbose stack     at IncomingMessage.<anonymous> (/Users/albertoeyocastro-rial/.nvm/versions/node/v7.3.0/lib/node_modules/npm/node_modules/request/request.js:969:12)
443 verbose statusCode 404
444 verbose pkgid artifactory
445 verbose cwd /Users/albertoeyocastro-rial/git/katas/thgzd
446 error Darwin 17.4.0
447 error argv "/Users/albertoeyocastro-rial/.nvm/versions/node/v7.3.0/bin/node" "/Users/albertoeyocastro-rial/.nvm/versions/node/v7.3.0/bin/npm" "i" "--save-dev" "mathjs"
448 error node v7.3.0
449 error npm  v3.10.10
450 error code E404
451 error 404 Not Found: artifactory
452 error 404
453 error 404 'artifactory' is not in the npm registry.
454 error 404 You should bug the author to publish it (or use the name yourself!)
455 error 404 It was specified as a dependency of 'mathjs'
456 error 404 Note that you can also install from a
457 error 404 tarball, folder, http url, or git url.
458 verbose exit [ 1, true ]
